# JRE version: OpenJDK Runtime Environment Temurin-18.0.1+10 (18.0.1+10) (build 18.0.1+10)
# Java VM: OpenJDK 64-Bit Server VM Temurin-18.0.1+10 (18.0.1+10, mixed mode, emulated-client, tiered, compressed oops, compressed class ptrs, g1 gc, windows-amd64)
GC Precious Log:
 CardTable entry size: 512
 Card Set container configuration: InlinePtr #cards 5 size 8 Array Of Cards #cards 12 size 40 Howl #buckets 4 coarsen threshold 1843 Howl Bitmap #cards 512 size 80 coarsen threshold 460 Card regions per heap region 1 cards per card region 2048
 CPUs: 4 total, 4 available
 Memory: 3961M
 Large Page Support: Disabled
 NUMA Support: Disabled
 Compressed Oops: Enabled (32-bit)
 Heap Region Size: 1M
 Heap Min Capacity: 8M
 Heap Initial Capacity: 62M
 Heap Max Capacity: 992M
 Pre-touch: Disabled
 Parallel Workers: 4
 Concurrent Workers: 1
 Concurrent Refinement Workers: 4
 Periodic GC: Disabled
Heap:
 garbage-first heap   total 70656K, used 41910K [0x00000000c2000000, 0x0000000100000000)
  region size 1024K, 15 young (15360K), 1 survivors (1024K)
 Metaspace       used 75460K, committed 76096K, reserved 1179648K
  class space    used 9996K, committed 10304K, reserved 1048576K
GC Heap History (20 events):
Event: 908.848 GC heap after
{Heap after GC invocations=28 (full 2):
 garbage-first heap   total 70656K, used 28645K [0x00000000c2000000, 0x0000000100000000)
  region size 1024K, 3 young (3072K), 3 survivors (3072K)
 Metaspace       used 75126K, committed 75840K, reserved 1179648K
  class space    used 10001K, committed 10304K, reserved 1048576K
}
Event: 909.775 GC heap before
{Heap before GC invocations=28 (full 2):
 garbage-first heap   total 70656K, used 53221K [0x00000000c2000000, 0x0000000100000000)
  region size 1024K, 28 young (28672K), 3 survivors (3072K)
 Metaspace       used 75188K, committed 75840K, reserved 1179648K
  class space    used 10009K, committed 10304K, reserved 1048576K
}
Event: 909.787 GC heap after
{Heap after GC invocations=29 (full 2):
 garbage-first heap   total 70656K, used 29869K [0x00000000c2000000, 0x0000000100000000)
  region size 1024K, 2 young (2048K), 2 survivors (2048K)
 Metaspace       used 75188K, committed 75840K, reserved 1179648K
  class space    used 10009K, committed 10304K, reserved 1048576K
}
Event: 1037.925 GC heap before
{Heap before GC invocations=29 (full 2):
 garbage-first heap   total 70656K, used 52397K [0x00000000c2000000, 0x0000000100000000)
  region size 1024K, 26 young (26624K), 2 survivors (2048K)
 Metaspace       used 75422K, committed 76096K, reserved 1179648K
  class space    used 10021K, committed 10304K, reserved 1048576K
}
Event: 1038.793 GC heap after
{Heap after GC invocations=30 (full 3):
 garbage-first heap   total 70656K, used 25841K [0x00000000c2000000, 0x0000000100000000)
  region size 1024K, 0 young (0K), 0 survivors (0K)
 Metaspace       used 75238K, committed 76096K, reserved 1179648K
  class space    used 9975K, committed 10304K, reserved 1048576K
}
Event: 1040.670 GC heap before
{Heap before GC invocations=30 (full 3):
 garbage-first heap   total 70656K, used 52465K [0x00000000c2000000, 0x0000000100000000)
  region size 1024K, 27 young (27648K), 0 survivors (0K)
 Metaspace       used 75256K, committed 76096K, reserved 1179648K
  class space    used 9979K, committed 10304K, reserved 1048576K
}
Event: 1040.680 GC heap after
{Heap after GC invocations=31 (full 3):
 garbage-first heap   total 70656K, used 28657K [0x00000000c2000000, 0x0000000100000000)
  region size 1024K, 3 young (3072K), 3 survivors (3072K)
 Metaspace       used 75256K, committed 76096K, reserved 1179648K
  class space    used 9979K, committed 10304K, reserved 1048576K
}
Event: 1041.590 GC heap before
{Heap before GC invocations=31 (full 3):
 garbage-first heap   total 70656K, used 54257K [0x00000000c2000000, 0x0000000100000000)
  region size 1024K, 28 young (28672K), 3 survivors (3072K)
 Metaspace       used 75382K, committed 76096K, reserved 1179648K
  class space    used 9989K, committed 10304K, reserved 1048576K
}
Event: 1041.607 GC heap after
{Heap after GC invocations=32 (full 3):
 garbage-first heap   total 70656K, used 29874K [0x00000000c2000000, 0x0000000100000000)
  region size 1024K, 2 young (2048K), 2 survivors (2048K)
 Metaspace       used 75382K, committed 76096K, reserved 1179648K
  class space    used 9989K, committed 10304K, reserved 1048576K
}
Event: 1327.740 GC heap before
{Heap before GC invocations=32 (full 3):
 garbage-first heap   total 70656K, used 54450K [0x00000000c2000000, 0x0000000100000000)
  region size 1024K, 26 young (26624K), 2 survivors (2048K)
 Metaspace       used 75427K, committed 76096K, reserved 1179648K
  class space    used 9991K, committed 10304K, reserved 1048576K
}
Event: 1327.883 GC heap after
{Heap after GC invocations=33 (full 3):
 garbage-first heap   total 70656K, used 32326K [0x00000000c2000000, 0x0000000100000000)
  region size 1024K, 4 young (4096K), 4 survivors (4096K)
 Metaspace       used 75427K, committed 76096K, reserved 1179648K
  class space    used 9991K, committed 10304K, reserved 1048576K
}
Event: 2441.937 GC heap before
{Heap before GC invocations=33 (full 3):
 garbage-first heap   total 70656K, used 54854K [0x00000000c2000000, 0x0000000100000000)
  region size 1024K, 26 young (26624K), 4 survivors (4096K)
 Metaspace       used 75460K, committed 76096K, reserved 1179648K
  class space    used 9998K, committed 10304K, reserved 1048576K
}
Event: 2442.034 GC heap after
{Heap after GC invocations=34 (full 3):
 garbage-first heap   total 70656K, used 32898K [0x00000000c2000000, 0x0000000100000000)
  region size 1024K, 1 young (1024K), 1 survivors (1024K)
 Metaspace       used 75460K, committed 76096K, reserved 1179648K
  class space    used 9998K, committed 10304K, reserved 1048576K
}
Event: 2894.063 GC heap before
{Heap before GC invocations=34 (full 3):
 garbage-first heap   total 70656K, used 54402K [0x00000000c2000000, 0x0000000100000000)
  region size 1024K, 23 young (23552K), 1 survivors (1024K)
 Metaspace       used 75469K, committed 76096K, reserved 1179648K
  class space    used 9999K, committed 10304K, reserved 1048576K
}
Event: 2894.174 GC heap after
{Heap after GC invocations=35 (full 3):
 garbage-first heap   total 70656K, used 33160K [0x00000000c2000000, 0x0000000100000000)
  region size 1024K, 1 young (1024K), 1 survivors (1024K)
 Metaspace       used 75469K, committed 76096K, reserved 1179648K
  class space    used 9999K, committed 10304K, reserved 1048576K
}
Event: 3779.906 GC heap before
{Heap before GC invocations=36 (full 3):
 garbage-first heap   total 70656K, used 54664K [0x00000000c2000000, 0x0000000100000000)
  region size 1024K, 23 young (23552K), 1 survivors (1024K)
 Metaspace       used 75442K, committed 76096K, reserved 1179648K
  class space    used 9993K, committed 10304K, reserved 1048576K
}
Event: 3780.028 GC heap after
{Heap after GC invocations=37 (full 3):
 garbage-first heap   total 70656K, used 33105K [0x00000000c2000000, 0x0000000100000000)
  region size 1024K, 1 young (1024K), 1 survivors (1024K)
 Metaspace       used 75442K, committed 76096K, reserved 1179648K
  class space    used 9993K, committed 10304K, reserved 1048576K
}
Event: 3841.570 GC heap before
{Heap before GC invocations=37 (full 3):
 garbage-first heap   total 70656K, used 35153K [0x00000000c2000000, 0x0000000100000000)
  region size 1024K, 3 young (3072K), 1 survivors (1024K)
 Metaspace       used 75442K, committed 76096K, reserved 1179648K
  class space    used 9993K, committed 10304K, reserved 1048576K
}
Event: 3841.614 GC heap after
{Heap after GC invocations=38 (full 3):
 garbage-first heap   total 70656K, used 29622K [0x00000000c2000000, 0x0000000100000000)
  region size 1024K, 1 young (1024K), 1 survivors (1024K)
 Metaspace       used 75442K, committed 76096K, reserved 1179648K
  class space    used 9993K, committed 10304K, reserved 1048576K
}
Event: 4341.798 GC heap before
{Heap before GC invocations=38 (full 3):
 garbage-first heap   total 70656K, used 41910K [0x00000000c2000000, 0x0000000100000000)
  region size 1024K, 15 young (15360K), 1 survivors (1024K)
 Metaspace       used 75460K, committed 76096K, reserved 1179648K
  class space    used 9996K, committed 10304K, reserved 1048576K
}

